<?xml version="1.0" encoding="UTF-8"?>
<testsuite name="com.asapp.backend.challenge.service.UserServiceTest" tests="3" skipped="0" failures="0" errors="0" timestamp="2021-07-06T14:20:56" hostname="rsantaeulalia-mbp" time="0.078">
  <properties/>
  <testcase name="givenAUserWhenServiceSaveMethodIsCalledThenReturnUser" classname="com.asapp.backend.challenge.service.UserServiceTest" time="0.077"/>
  <testcase name="givenWrongUsernameWhenGetByUsernameIsCalledThenReturnEmpty" classname="com.asapp.backend.challenge.service.UserServiceTest" time="0.001"/>
  <testcase name="givenUsernameWhenGetByUsernameIsCalledThenReturnUser" classname="com.asapp.backend.challenge.service.UserServiceTest" time="0.0"/>
  <system-out><![CDATA[]]></system-out>
  <system-err><![CDATA[]]></system-err>
</testsuite>
