<?xml version="1.0" encoding="UTF-8"?>
<testsuite name="com.asapp.backend.challenge.controller.AuthenticationControllerTest" tests="1" skipped="0" failures="0" errors="0" timestamp="2021-07-06T17:53:51" hostname="rsantaeulalia-mbp" time="0.052">
  <properties/>
  <testcase name="loginUserWithPost" classname="com.asapp.backend.challenge.controller.AuthenticationControllerTest" time="0.052"/>
  <system-out><![CDATA[]]></system-out>
  <system-err><![CDATA[]]></system-err>
</testsuite>
