<?xml version="1.0" encoding="UTF-8"?>
<testsuite name="com.asapp.backend.challenge.repository.UserRepositoryTest" tests="4" skipped="0" failures="0" errors="0" timestamp="2021-07-06T14:23:25" hostname="rsantaeulalia-mbp" time="0.068">
  <properties/>
  <testcase name="testSaveUser" classname="com.asapp.backend.challenge.repository.UserRepositoryTest" time="0.008"/>
  <testcase name="testGetUserByUsername" classname="com.asapp.backend.challenge.repository.UserRepositoryTest" time="0.031"/>
  <testcase name="testGetUserById" classname="com.asapp.backend.challenge.repository.UserRepositoryTest" time="0.014"/>
  <testcase name="testGetUserByWrongUsername" classname="com.asapp.backend.challenge.repository.UserRepositoryTest" time="0.014"/>
  <system-out><![CDATA[]]></system-out>
  <system-err><![CDATA[]]></system-err>
</testsuite>
