<?xml version="1.0" encoding="UTF-8"?>
<testsuite name="com.asapp.backend.challenge.utils.PasswordUtilTest" tests="1" skipped="0" failures="0" errors="0" timestamp="2021-07-05T23:11:18" hostname="rsantaeulalia-mbp" time="0.089">
  <properties/>
  <testcase name="givenHashedPasswordCheckIsCorrect" classname="com.asapp.backend.challenge.utils.PasswordUtilTest" time="0.089"/>
  <system-out><![CDATA[]]></system-out>
  <system-err><![CDATA[]]></system-err>
</testsuite>
