<?xml version="1.0" encoding="UTF-8"?>
<testsuite name="com.asapp.backend.challenge.controller.MessageControllerTest" tests="2" skipped="0" failures="0" errors="0" timestamp="2021-07-06T19:51:15" hostname="rsantaeulalia-mbp" time="0.128">
  <properties/>
  <testcase name="getMessageWithParams" classname="com.asapp.backend.challenge.controller.MessageControllerTest" time="0.076"/>
  <testcase name="createMessageWithPost" classname="com.asapp.backend.challenge.controller.MessageControllerTest" time="0.052"/>
  <system-out><![CDATA[]]></system-out>
  <system-err><![CDATA[]]></system-err>
</testsuite>
