<?xml version="1.0" encoding="UTF-8"?>
<testsuite name="com.asapp.backend.challenge.archunit.NamingConventionRuleTest" tests="4" skipped="0" failures="0" errors="0" timestamp="2021-07-06T19:51:15" hostname="rsantaeulalia-mbp" time="1.062">
  <properties/>
  <testcase name="classesNamedControllerShouldBeInProperPackage" classname="com.asapp.backend.challenge.archunit.NamingConventionRuleTest" time="1.057"/>
  <testcase name="controllersShouldBeSuffixed" classname="com.asapp.backend.challenge.archunit.NamingConventionRuleTest" time="0.002"/>
  <testcase name="repositoriesShouldBeSuffixed" classname="com.asapp.backend.challenge.archunit.NamingConventionRuleTest" time="0.001"/>
  <testcase name="servicesShouldBeSuffixed" classname="com.asapp.backend.challenge.archunit.NamingConventionRuleTest" time="0.002"/>
  <system-out><![CDATA[]]></system-out>
  <system-err><![CDATA[]]></system-err>
</testsuite>
