<?xml version="1.0" encoding="UTF-8"?>
<testsuite name="com.asapp.backend.challenge.model.adapter.UserAdapterTest" tests="2" skipped="0" failures="0" errors="0" timestamp="2021-07-05T22:42:45" hostname="rsantaeulalia-mbp" time="0.002">
  <properties/>
  <testcase name="adaptFromApiToDomainModel" classname="com.asapp.backend.challenge.model.adapter.UserAdapterTest" time="0.001"/>
  <testcase name="adaptFromDomainToApiModel" classname="com.asapp.backend.challenge.model.adapter.UserAdapterTest" time="0.001"/>
  <system-out><![CDATA[]]></system-out>
  <system-err><![CDATA[]]></system-err>
</testsuite>
