<?xml version="1.0" encoding="UTF-8"?>
<testsuite name="com.asapp.backend.challenge.repository.UserRepositoryTest" tests="2" skipped="0" failures="0" errors="0" timestamp="2021-07-05T12:37:29" hostname="rsantaeulalia-mbp" time="0.386">
  <properties/>
  <testcase name="testSaveUser" classname="com.asapp.backend.challenge.repository.UserRepositoryTest" time="0.385"/>
  <testcase name="testGetUserByUsername" classname="com.asapp.backend.challenge.repository.UserRepositoryTest" time="0.001"/>
  <system-out><![CDATA[]]></system-out>
  <system-err><![CDATA[]]></system-err>
</testsuite>
