<?xml version="1.0" encoding="UTF-8"?>
<testsuite name="com.asapp.backend.challenge.controller.UserControllerTest" tests="1" skipped="0" failures="0" errors="0" timestamp="2021-07-05T22:42:44" hostname="rsantaeulalia-mbp" time="1.062">
  <properties/>
  <testcase name="createUserWithPost" classname="com.asapp.backend.challenge.controller.UserControllerTest" time="1.062"/>
  <system-out><![CDATA[]]></system-out>
  <system-err><![CDATA[]]></system-err>
</testsuite>
