<?xml version="1.0" encoding="UTF-8"?>
<testsuite name="com.asapp.backend.challenge.service.MessageServiceTest" tests="2" skipped="0" failures="0" errors="0" timestamp="2021-07-05T22:42:45" hostname="rsantaeulalia-mbp" time="0.018">
  <properties/>
  <testcase name="givenQueryParamsWhenGetMessagesIsCalledThenReturnCollectionOfMessages" classname="com.asapp.backend.challenge.service.MessageServiceTest" time="0.018"/>
  <testcase name="givenAMessageWhenServiceSaveMethodIsCalledThenReturnMessage" classname="com.asapp.backend.challenge.service.MessageServiceTest" time="0.0"/>
  <system-out><![CDATA[]]></system-out>
  <system-err><![CDATA[]]></system-err>
</testsuite>
