<?xml version="1.0" encoding="UTF-8"?>
<testsuite name="com.asapp.backend.challenge.archunit.LayerDependencyRulesTest" tests="3" skipped="0" failures="0" errors="0" timestamp="2021-07-06T19:51:16" hostname="rsantaeulalia-mbp" time="0.035">
  <properties/>
  <testcase name="repositoryShouldNotAccessServices" classname="com.asapp.backend.challenge.archunit.LayerDependencyRulesTest" time="0.029"/>
  <testcase name="servicesShouldNotAccessControllers" classname="com.asapp.backend.challenge.archunit.LayerDependencyRulesTest" time="0.003"/>
  <testcase name="servicesShouldOnlyAccessRepositoryOrOtherServices" classname="com.asapp.backend.challenge.archunit.LayerDependencyRulesTest" time="0.003"/>
  <system-out><![CDATA[]]></system-out>
  <system-err><![CDATA[]]></system-err>
</testsuite>
