<?xml version="1.0" encoding="UTF-8"?>
<testsuite name="com.asapp.backend.challenge.repository.MessageRepositoryTest" tests="3" skipped="0" failures="0" errors="0" timestamp="2021-07-06T14:23:24" hostname="rsantaeulalia-mbp" time="0.897">
  <properties/>
  <testcase name="testGetMessagesByQuery" classname="com.asapp.backend.challenge.repository.MessageRepositoryTest" time="0.867"/>
  <testcase name="testGetMessagesByQueryLimits" classname="com.asapp.backend.challenge.repository.MessageRepositoryTest" time="0.022"/>
  <testcase name="testSaveMessage" classname="com.asapp.backend.challenge.repository.MessageRepositoryTest" time="0.007"/>
  <system-out><![CDATA[]]></system-out>
  <system-err><![CDATA[]]></system-err>
</testsuite>
